0 info it worked if it ends with ok
1 verbose cli [ '/usr/bin/node', '/usr/bin/npm', 'install', '-g', 'neovim' ]
2 info using npm@6.13.7
3 info using node@v13.9.0
4 verbose npm-session b6f9a6c44cf1972b
5 silly install loadCurrentTree
6 silly install readGlobalPackageData
7 http fetch GET 304 https://registry.npmjs.org/neovim 521ms (from cache)
8 silly pacote tag manifest for neovim@latest fetched in 527ms
9 timing stage:loadCurrentTree Completed in 536ms
10 silly install loadIdealTree
11 silly install cloneCurrentTreeToIdealTree
12 timing stage:loadIdealTree:cloneCurrentTree Completed in 0ms
13 silly install loadShrinkwrap
14 timing stage:loadIdealTree:loadShrinkwrap Completed in 1ms
15 silly install loadAllDepsIntoIdealTree
16 silly resolveWithNewModule neovim@4.8.0 checking installable status
17 http fetch GET 200 https://registry.npmjs.org/lodash.defaults 15ms (from cache)
18 silly pacote range manifest for lodash.defaults@^4.2.0 fetched in 16ms
19 silly resolveWithNewModule lodash.defaults@4.2.0 checking installable status
20 http fetch GET 304 https://registry.npmjs.org/semver 88ms (from cache)
21 silly pacote range manifest for semver@^7.1.1 fetched in 89ms
22 silly resolveWithNewModule semver@7.1.3 checking installable status
23 http fetch GET 304 https://registry.npmjs.org/winston 139ms (from cache)
24 silly pacote version manifest for winston@3.2.1 fetched in 140ms
25 silly resolveWithNewModule winston@3.2.1 checking installable status
26 http fetch GET 304 https://registry.npmjs.org/lodash.omit 146ms (from cache)
27 silly pacote range manifest for lodash.omit@^4.5.0 fetched in 146ms
28 silly resolveWithNewModule lodash.omit@4.5.0 checking installable status
29 http fetch GET 304 https://registry.npmjs.org/@msgpack%2fmsgpack 393ms (from cache)
30 silly pacote range manifest for @msgpack/msgpack@^1.9.3 fetched in 395ms
31 silly resolveWithNewModule @msgpack/msgpack@1.11.0 checking installable status
32 http fetch GET 304 https://registry.npmjs.org/async 41ms (from cache)
33 silly pacote range manifest for async@^2.6.1 fetched in 43ms
34 silly resolveWithNewModule async@2.6.3 checking installable status
35 http fetch GET 304 https://registry.npmjs.org/diagnostics 45ms (from cache)
36 silly pacote range manifest for diagnostics@^1.1.1 fetched in 47ms
37 silly resolveWithNewModule diagnostics@1.1.1 checking installable status
38 http fetch GET 304 https://registry.npmjs.org/logform 47ms (from cache)
39 silly pacote range manifest for logform@^2.1.1 fetched in 48ms
40 silly resolveWithNewModule logform@2.1.2 checking installable status
41 http fetch GET 304 https://registry.npmjs.org/is-stream 54ms (from cache)
42 silly pacote range manifest for is-stream@^1.1.0 fetched in 54ms
43 silly resolveWithNewModule is-stream@1.1.0 checking installable status
44 http fetch GET 304 https://registry.npmjs.org/one-time 81ms (from cache)
45 silly pacote version manifest for one-time@0.0.4 fetched in 81ms
46 silly resolveWithNewModule one-time@0.0.4 checking installable status
47 http fetch GET 304 https://registry.npmjs.org/readable-stream 84ms (from cache)
48 silly pacote range manifest for readable-stream@^3.1.1 fetched in 85ms
49 silly resolveWithNewModule readable-stream@3.6.0 checking installable status
50 http fetch GET 304 https://registry.npmjs.org/triple-beam 90ms (from cache)
51 silly pacote range manifest for triple-beam@^1.3.0 fetched in 90ms
52 silly resolveWithNewModule triple-beam@1.3.0 checking installable status
53 http fetch GET 304 https://registry.npmjs.org/stack-trace 92ms (from cache)
54 silly pacote range manifest for stack-trace@0.0.x fetched in 93ms
55 silly resolveWithNewModule stack-trace@0.0.10 checking installable status
56 http fetch GET 304 https://registry.npmjs.org/winston-transport 100ms (from cache)
57 silly pacote range manifest for winston-transport@^4.3.0 fetched in 101ms
58 silly resolveWithNewModule winston-transport@4.3.0 checking installable status
59 http fetch GET 304 https://registry.npmjs.org/lodash 33ms (from cache)
60 silly pacote range manifest for lodash@^4.17.14 fetched in 34ms
61 silly resolveWithNewModule lodash@4.17.15 checking installable status
62 http fetch GET 304 https://registry.npmjs.org/enabled 30ms (from cache)
63 silly pacote range manifest for enabled@1.0.x fetched in 31ms
64 silly resolveWithNewModule enabled@1.0.2 checking installable status
65 http fetch GET 304 https://registry.npmjs.org/colorspace 43ms (from cache)
66 silly pacote range manifest for colorspace@1.1.x fetched in 44ms
67 silly resolveWithNewModule colorspace@1.1.2 checking installable status
68 http fetch GET 304 https://registry.npmjs.org/kuler 45ms (from cache)
69 silly pacote range manifest for kuler@1.0.x fetched in 45ms
70 silly resolveWithNewModule kuler@1.0.1 checking installable status
71 http fetch GET 304 https://registry.npmjs.org/text-hex 33ms (from cache)
72 silly pacote range manifest for text-hex@1.0.x fetched in 35ms
73 silly resolveWithNewModule text-hex@1.0.0 checking installable status
74 http fetch GET 304 https://registry.npmjs.org/color 36ms (from cache)
75 silly pacote range manifest for color@3.0.x fetched in 36ms
76 silly resolveWithNewModule color@3.0.0 checking installable status
77 http fetch GET 304 https://registry.npmjs.org/color-convert 30ms (from cache)
78 silly pacote range manifest for color-convert@^1.9.1 fetched in 31ms
79 silly resolveWithNewModule color-convert@1.9.3 checking installable status
80 http fetch GET 304 https://registry.npmjs.org/color-string 36ms (from cache)
81 silly pacote range manifest for color-string@^1.5.2 fetched in 36ms
82 silly resolveWithNewModule color-string@1.5.3 checking installable status
83 http fetch GET 304 https://registry.npmjs.org/color-name 40ms (from cache)
84 silly pacote version manifest for color-name@1.1.3 fetched in 40ms
85 silly resolveWithNewModule color-name@1.1.3 checking installable status
86 http fetch GET 304 https://registry.npmjs.org/simple-swizzle 29ms (from cache)
87 silly pacote range manifest for simple-swizzle@^0.2.2 fetched in 29ms
88 silly resolveWithNewModule simple-swizzle@0.2.2 checking installable status
89 http fetch GET 304 https://registry.npmjs.org/is-arrayish 30ms (from cache)
90 silly pacote range manifest for is-arrayish@^0.3.1 fetched in 30ms
91 silly resolveWithNewModule is-arrayish@0.3.2 checking installable status
92 http fetch GET 304 https://registry.npmjs.org/env-variable 28ms (from cache)
93 silly pacote range manifest for env-variable@0.0.x fetched in 28ms
94 silly resolveWithNewModule env-variable@0.0.6 checking installable status
95 http fetch GET 304 https://registry.npmjs.org/colornames 36ms (from cache)
96 silly pacote range manifest for colornames@^1.1.1 fetched in 36ms
97 silly resolveWithNewModule colornames@1.1.1 checking installable status
98 http fetch GET 304 https://registry.npmjs.org/fecha 31ms (from cache)
99 silly pacote range manifest for fecha@^2.3.3 fetched in 32ms
100 silly resolveWithNewModule fecha@2.3.3 checking installable status
101 http fetch GET 304 https://registry.npmjs.org/colors 35ms (from cache)
102 silly pacote range manifest for colors@^1.2.1 fetched in 36ms
103 silly resolveWithNewModule colors@1.4.0 checking installable status
104 http fetch GET 304 https://registry.npmjs.org/ms 39ms (from cache)
105 silly pacote range manifest for ms@^2.1.1 fetched in 40ms
106 silly resolveWithNewModule ms@2.1.2 checking installable status
107 http fetch GET 304 https://registry.npmjs.org/fast-safe-stringify 40ms (from cache)
108 silly pacote range manifest for fast-safe-stringify@^2.0.4 fetched in 41ms
109 silly resolveWithNewModule fast-safe-stringify@2.0.7 checking installable status
110 http fetch GET 304 https://registry.npmjs.org/inherits 31ms (from cache)
111 silly pacote range manifest for inherits@^2.0.3 fetched in 31ms
112 silly resolveWithNewModule inherits@2.0.4 checking installable status
113 http fetch GET 304 https://registry.npmjs.org/util-deprecate 32ms (from cache)
114 silly pacote range manifest for util-deprecate@^1.0.1 fetched in 33ms
115 silly resolveWithNewModule util-deprecate@1.0.2 checking installable status
116 http fetch GET 304 https://registry.npmjs.org/string_decoder 37ms (from cache)
117 silly pacote range manifest for string_decoder@^1.1.1 fetched in 39ms
118 silly resolveWithNewModule string_decoder@1.3.0 checking installable status
119 http fetch GET 304 https://registry.npmjs.org/safe-buffer 37ms (from cache)
120 silly pacote range manifest for safe-buffer@~5.2.0 fetched in 38ms
121 silly resolveWithNewModule safe-buffer@5.2.0 checking installable status
122 silly pacote range manifest for readable-stream@^2.3.6 fetched in 1ms
123 silly resolveWithNewModule readable-stream@2.3.7 checking installable status
124 silly pacote range manifest for safe-buffer@~5.1.1 fetched in 2ms
125 silly resolveWithNewModule safe-buffer@5.1.2 checking installable status
126 silly pacote range manifest for string_decoder@~1.1.1 fetched in 1ms
127 silly resolveWithNewModule string_decoder@1.1.1 checking installable status
128 http fetch GET 304 https://registry.npmjs.org/process-nextick-args 30ms (from cache)
129 silly pacote range manifest for process-nextick-args@~2.0.0 fetched in 30ms
130 silly resolveWithNewModule process-nextick-args@2.0.1 checking installable status
131 http fetch GET 304 https://registry.npmjs.org/core-util-is 30ms (from cache)
132 silly pacote range manifest for core-util-is@~1.0.0 fetched in 31ms
133 silly resolveWithNewModule core-util-is@1.0.2 checking installable status
134 http fetch GET 304 https://registry.npmjs.org/isarray 44ms (from cache)
135 silly pacote range manifest for isarray@~1.0.0 fetched in 44ms
136 silly resolveWithNewModule isarray@1.0.0 checking installable status
137 timing stage:loadIdealTree:loadAllDepsIntoIdealTree Completed in 1006ms
138 timing stage:loadIdealTree Completed in 1014ms
139 silly currentTree lib
140 silly idealTree lib
140 silly idealTree `-- neovim@4.8.0
140 silly idealTree   +-- @msgpack/msgpack@1.11.0
140 silly idealTree   +-- async@2.6.3
140 silly idealTree   +-- color-convert@1.9.3
140 silly idealTree   +-- color-name@1.1.3
140 silly idealTree   +-- color-string@1.5.3
140 silly idealTree   +-- color@3.0.0
140 silly idealTree   +-- colornames@1.1.1
140 silly idealTree   +-- colors@1.4.0
140 silly idealTree   +-- colorspace@1.1.2
140 silly idealTree   +-- core-util-is@1.0.2
140 silly idealTree   +-- diagnostics@1.1.1
140 silly idealTree   +-- enabled@1.0.2
140 silly idealTree   +-- env-variable@0.0.6
140 silly idealTree   +-- fast-safe-stringify@2.0.7
140 silly idealTree   +-- fecha@2.3.3
140 silly idealTree   +-- inherits@2.0.4
140 silly idealTree   +-- is-arrayish@0.3.2
140 silly idealTree   +-- is-stream@1.1.0
140 silly idealTree   +-- isarray@1.0.0
140 silly idealTree   +-- kuler@1.0.1
140 silly idealTree   +-- lodash.defaults@4.2.0
140 silly idealTree   +-- lodash.omit@4.5.0
140 silly idealTree   +-- lodash@4.17.15
140 silly idealTree   +-- logform@2.1.2
140 silly idealTree   +-- ms@2.1.2
140 silly idealTree   +-- one-time@0.0.4
140 silly idealTree   +-- process-nextick-args@2.0.1
140 silly idealTree   +-- readable-stream@3.6.0
140 silly idealTree   +-- safe-buffer@5.2.0
140 silly idealTree   +-- semver@7.1.3
140 silly idealTree   +-- simple-swizzle@0.2.2
140 silly idealTree   +-- stack-trace@0.0.10
140 silly idealTree   +-- string_decoder@1.3.0
140 silly idealTree   +-- text-hex@1.0.0
140 silly idealTree   +-- triple-beam@1.3.0
140 silly idealTree   +-- util-deprecate@1.0.2
140 silly idealTree   +-- winston-transport@4.3.0
140 silly idealTree   | +-- readable-stream@2.3.7
140 silly idealTree   | +-- safe-buffer@5.1.2
140 silly idealTree   | `-- string_decoder@1.1.1
140 silly idealTree   `-- winston@3.2.1
141 silly install generateActionsToTake
142 warn checkPermissions Missing write access to /usr/lib/node_modules
143 timing stage:rollbackFailedOptional Completed in 0ms
144 timing stage:runTopLevelLifecycles Completed in 1555ms
145 verbose stack Error: EACCES: permission denied, access '/usr/lib/node_modules'
146 verbose cwd /home/alexander
147 verbose Linux 4.19.99-1-lts
148 verbose argv "/usr/bin/node" "/usr/bin/npm" "install" "-g" "neovim"
149 verbose node v13.9.0
150 verbose npm  v6.13.7
151 error code EACCES
152 error syscall access
153 error path /usr/lib/node_modules
154 error errno -13
155 error Error: EACCES: permission denied, access '/usr/lib/node_modules'
155 error  [Error: EACCES: permission denied, access '/usr/lib/node_modules'] {
155 error   stack: "Error: EACCES: permission denied, access '/usr/lib/node_modules'",
155 error   errno: -13,
155 error   code: 'EACCES',
155 error   syscall: 'access',
155 error   path: '/usr/lib/node_modules'
155 error }
156 error The operation was rejected by your operating system.
156 error It is likely you do not have the permissions to access this file as the current user
156 error
156 error If you believe this might be a permissions issue, please double-check the
156 error permissions of the file and its containing directories, or try running
156 error the command again as root/Administrator.
157 verbose exit [ -13, true ]
